2023-09-08 21:13:45,097 ERROR o.a.c.f.u.JavaFxUtils [JavaFX Application Thread] Error in LoadFileService
java.lang.IllegalStateException: Duplicate header field '' found
	at de.siegmar.fastcsv.reader.NamedCsvReader.initialize(NamedCsvReader.java:54) ~[fastcsv-2.1.0.jar:?]
	at de.siegmar.fastcsv.reader.NamedCsvReader.getHeader(NamedCsvReader.java:78) ~[fastcsv-2.1.0.jar:?]
	at org.asura.csveditor.csv.CSVFileReader.read(CSVFileReader.java:26) ~[main/:?]
	at org.asura.csveditor.files.FileStorage.load(FileStorage.java:69) ~[main/:?]
	at org.asura.csveditor.fx.util.LoadFileService$1.call(LoadFileService.java:27) ~[main/:?]
	at org.asura.csveditor.fx.util.LoadFileService$1.call(LoadFileService.java:23) ~[main/:?]
	at javafx.concurrent.Task$TaskCallable.call(Task.java:1426) ~[javafx-graphics-17-win.jar:?]
	at java.util.concurrent.FutureTask.run(FutureTask.java:264) ~[?:?]
	at javafx.concurrent.Service.lambda$executeTask$6(Service.java:728) ~[javafx-graphics-17-win.jar:?]
	at java.security.AccessController.doPrivileged(AccessController.java:399) ~[?:?]
	at javafx.concurrent.Service.lambda$executeTask$7(Service.java:727) ~[javafx-graphics-17-win.jar:?]
	at java.util.concurrent.ThreadPoolExecutor.runWorker(ThreadPoolExecutor.java:1136) ~[?:?]
	at java.util.concurrent.ThreadPoolExecutor$Worker.run(ThreadPoolExecutor.java:635) ~[?:?]
	at java.lang.Thread.run(Thread.java:833) [?:?]
2023-09-08 21:13:53,263 ERROR o.a.c.f.u.JavaFxUtils [JavaFX Application Thread] Error in LoadFileService
de.siegmar.fastcsv.reader.MalformedCsvException: Row 6601 has 1 fields, but first row had 17 fields
	at de.siegmar.fastcsv.reader.CsvReader.fetchRow(CsvReader.java:136) ~[fastcsv-2.1.0.jar:?]
	at de.siegmar.fastcsv.reader.CsvReader.access$200(CsvReader.java:32) ~[fastcsv-2.1.0.jar:?]
	at de.siegmar.fastcsv.reader.CsvReader$CsvRowIterator.fetch(CsvReader.java:198) ~[fastcsv-2.1.0.jar:?]
	at de.siegmar.fastcsv.reader.CsvReader$CsvRowIterator.hasNext(CsvReader.java:178) ~[fastcsv-2.1.0.jar:?]
	at de.siegmar.fastcsv.reader.NamedCsvReader$NamedCsvRowIterator.hasNext(NamedCsvReader.java:138) ~[fastcsv-2.1.0.jar:?]
	at java.lang.Iterable.forEach(Iterable.java:74) ~[?:?]
	at org.asura.csveditor.csv.CSVFileReader.read(CSVFileReader.java:29) ~[main/:?]
	at org.asura.csveditor.files.FileStorage.load(FileStorage.java:69) ~[main/:?]
	at org.asura.csveditor.fx.util.LoadFileService$1.call(LoadFileService.java:27) ~[main/:?]
	at org.asura.csveditor.fx.util.LoadFileService$1.call(LoadFileService.java:23) ~[main/:?]
	at javafx.concurrent.Task$TaskCallable.call(Task.java:1426) ~[javafx-graphics-17-win.jar:?]
	at java.util.concurrent.FutureTask.run(FutureTask.java:264) ~[?:?]
	at javafx.concurrent.Service.lambda$executeTask$6(Service.java:728) ~[javafx-graphics-17-win.jar:?]
	at java.security.AccessController.doPrivileged(AccessController.java:399) ~[?:?]
	at javafx.concurrent.Service.lambda$executeTask$7(Service.java:727) ~[javafx-graphics-17-win.jar:?]
	at java.util.concurrent.ThreadPoolExecutor.runWorker(ThreadPoolExecutor.java:1136) ~[?:?]
	at java.util.concurrent.ThreadPoolExecutor$Worker.run(ThreadPoolExecutor.java:635) ~[?:?]
	at java.lang.Thread.run(Thread.java:833) [?:?]
